Starting build process...
Detected architecture: x86_64
No required dependencies specified.
No optional dependencies found.
--2025-01-14 20:54:54--  https://github.com/sachaos/viddy/releases/download/v1.3.0/viddy-v1.3.0-linux-x86_64.tar.gz
Resolving github.com (github.com)... 140.82.121.4
Connecting to github.com (github.com)|140.82.121.4|:443... connected.
HTTP request sent, awaiting response... 302 Found
Location: https://objects.githubusercontent.com/github-production-release-asset-2e65be/395917032/94b08291-8079-4aa9-969c-967ed461014c?X-Amz-Algorithm=AWS4-HMAC-SHA256&X-Amz-Credential=releaseassetproduction%2F20250114%2Fus-east-1%2Fs3%2Faws4_request&X-Amz-Date=20250114T185414Z&X-Amz-Expires=300&X-Amz-Signature=51d63e2c38bacbf00bd2e75122407bcd034976888168f78e9a1f5cc03bfa868a&X-Amz-SignedHeaders=host&response-content-disposition=attachment%3B%20filename%3Dviddy-v1.3.0-linux-x86_64.tar.gz&response-content-type=application%2Foctet-stream [following]
--2025-01-14 20:54:55--  https://objects.githubusercontent.com/github-production-release-asset-2e65be/395917032/94b08291-8079-4aa9-969c-967ed461014c?X-Amz-Algorithm=AWS4-HMAC-SHA256&X-Amz-Credential=releaseassetproduction%2F20250114%2Fus-east-1%2Fs3%2Faws4_request&X-Amz-Date=20250114T185414Z&X-Amz-Expires=300&X-Amz-Signature=51d63e2c38bacbf00bd2e75122407bcd034976888168f78e9a1f5cc03bfa868a&X-Amz-SignedHeaders=host&response-content-disposition=attachment%3B%20filename%3Dviddy-v1.3.0-linux-x86_64.tar.gz&response-content-type=application%2Foctet-stream
Resolving objects.githubusercontent.com (objects.githubusercontent.com)... 185.199.108.133, 185.199.109.133, 185.199.110.133, ...
Connecting to objects.githubusercontent.com (objects.githubusercontent.com)|185.199.108.133|:443... connected.
HTTP request sent, awaiting response... 200 OK
Length: 3653591 (3.5M) [application/octet-stream]
Saving to: ‘viddy-1.3.0.tar.gz’

     0K .......... .......... .......... .......... ..........  1%  656K 5s
    50K .......... .......... .......... .......... ..........  2%  945K 4s
   100K .......... .......... .......... .......... ..........  4% 2.79M 3s
   150K .......... .......... .......... .......... ..........  5% 3.92M 3s
   200K .......... .......... .......... .......... ..........  7% 2.18M 2s
   250K .......... .......... .......... .......... ..........  8% 3.87M 2s
   300K .......... .......... .......... .......... ..........  9% 4.01M 2s
   350K .......... .......... .......... .......... .......... 11% 5.44M 2s
   400K .......... .......... .......... .......... .......... 12% 6.66M 2s
   450K .......... .......... .......... .......... .......... 14% 4.14M 1s
   500K .......... .......... .......... .......... .......... 15% 5.34M 1s
   550K .......... .......... .......... .......... .......... 16% 6.71M 1s
   600K .......... .......... .......... .......... .......... 18% 5.04M 1s
   650K .......... .......... .......... .......... .......... 19% 7.22M 1s
   700K .......... .......... .......... .......... .......... 21%  616K 1s
   750K .......... .......... .......... .......... .......... 22% 11.2M 1s
   800K .......... .......... .......... .......... .......... 23% 11.3M 1s
   850K .......... .......... .......... .......... .......... 25% 9.78M 1s
   900K .......... .......... .......... .......... .......... 26% 9.97M 1s
   950K .......... .......... .......... .......... .......... 28% 10.8M 1s
  1000K .......... .......... .......... .......... .......... 29% 23.6M 1s
  1050K .......... .......... .......... .......... .......... 30% 9.86M 1s
  1100K .......... .......... .......... .......... .......... 32% 10.8M 1s
  1150K .......... .......... .......... .......... .......... 33% 7.22M 1s
  1200K .......... .......... .......... .......... .......... 35% 6.57M 1s
  1250K .......... .......... .......... .......... .......... 36% 17.9M 1s
  1300K .......... .......... .......... .......... .......... 37% 6.93M 1s
  1350K .......... .......... .......... .......... .......... 39% 10.8M 1s
  1400K .......... .......... .......... .......... .......... 40% 20.0M 1s
  1450K .......... .......... .......... .......... .......... 42% 10.2M 1s
  1500K .......... .......... .......... .......... .......... 43%  666K 1s
  1550K .......... .......... .......... .......... .......... 44% 10.5M 1s
  1600K .......... .......... .......... .......... .......... 46% 20.7M 1s
  1650K .......... .......... .......... .......... .......... 47% 7.13M 1s
  1700K .......... .......... .......... .......... .......... 49% 10.8M 1s
  1750K .......... .......... .......... .......... .......... 50% 19.7M 1s
  1800K .......... .......... .......... .......... .......... 51% 9.35M 0s
  1850K .......... .......... .......... .......... .......... 53% 5.12M 0s
  1900K .......... .......... .......... .......... .......... 54% 4.06M 0s
  1950K .......... .......... .......... .......... .......... 56% 6.99M 0s
  2000K .......... .......... .......... .......... .......... 57% 5.00M 0s
  2050K .......... .......... .......... .......... .......... 58% 17.6M 0s
  2100K .......... .......... .......... .......... .......... 60%  136M 0s
  2150K .......... .......... .......... .......... .......... 61%  151M 0s
  2200K .......... .......... .......... .......... .......... 63%  147M 0s
  2250K .......... .......... .......... .......... .......... 64%  140M 0s
  2300K .......... .......... .......... .......... .......... 65% 61.9M 0s
  2350K .......... .......... .......... .......... .......... 67% 5.00M 0s
  2400K .......... .......... .......... .......... .......... 68% 5.48M 0s
  2450K .......... .......... .......... .......... .......... 70% 7.07M 0s
  2500K .......... .......... .......... .......... .......... 71% 4.96M 0s
  2550K .......... .......... .......... .......... .......... 72% 7.00M 0s
  2600K .......... .......... .......... .......... .......... 74% 5.15M 0s
  2650K .......... .......... .......... .......... .......... 75% 6.65M 0s
  2700K .......... .......... .......... .......... .......... 77% 4.10M 0s
  2750K .......... .......... .......... .......... .......... 78% 5.46M 0s
  2800K .......... .......... .......... .......... .......... 79% 6.56M 0s
  2850K .......... .......... .......... .......... .......... 81% 4.77M 0s
  2900K .......... .......... .......... .......... .......... 82% 6.83M 0s
  2950K .......... .......... .......... .......... .......... 84% 5.35M 0s
  3000K .......... .......... .......... .......... .......... 85% 5.24M 0s
  3050K .......... .......... .......... .......... .......... 86% 7.17M 0s
  3100K .......... .......... .......... .......... .......... 88% 4.02M 0s
  3150K .......... .......... .......... .......... .......... 89% 5.54M 0s
  3200K .......... .......... .......... .......... .......... 91% 6.68M 0s
  3250K .......... .......... .......... .......... .......... 92% 4.97M 0s
  3300K .......... .......... .......... .......... .......... 93% 5.53M 0s
  3350K .......... .......... .......... .......... .......... 95% 6.70M 0s
  3400K .......... .......... .......... .......... .......... 96% 5.12M 0s
  3450K .......... .......... .......... .......... .......... 98% 7.11M 0s
  3500K .......... .......... .......... .......... .......... 99% 4.19M 0s
  3550K .......... .......                                    100%  108M=0.8s

2025-01-14 20:54:57 (4.49 MB/s) - ‘viddy-1.3.0.tar.gz’ saved [3653591/3653591]

No MDSCHK provided. Skipping checksum verification and proceeding without re-downloading.
viddy
Creating README in: /home/omen/GITHUB/PLASMA_WORLD/AthOS/REPO-AthOS/viddy
BIN_PKG = YES
hm...lets continue and see what happens
/home/omen/GITHUB/PLASMA_WORLD/AthOS/REPO-AthOS/viddy/package-viddy/usr/doc/viddy-1.3.0 /home/omen/GITHUB/PLASMA_WORLD/AthOS/REPO-AthOS/viddy/work
--2025-01-14 20:54:57--  https://raw.githubusercontent.com/sachaos/viddy/refs/heads/master/LICENSE
Resolving raw.githubusercontent.com (raw.githubusercontent.com)... 185.199.108.133, 185.199.110.133, 185.199.109.133, ...
Connecting to raw.githubusercontent.com (raw.githubusercontent.com)|185.199.108.133|:443... connected.
HTTP request sent, awaiting response... 200 OK
Length: 1079 (1.1K) [text/plain]
Saving to: ‘LICENSE’

     0K .                                                     100% 21.6M=0s

2025-01-14 20:54:57 (21.6 MB/s) - ‘LICENSE’ saved [1079/1079]

/home/omen/GITHUB/PLASMA_WORLD/AthOS/REPO-AthOS/viddy/work
cp: cannot stat 'AUTHORS': No such file or directory
cp: cannot stat 'ChangeLog*': No such file or directory
cp: cannot stat 'COPYING': No such file or directory
cp: cannot stat 'CREDITS': No such file or directory
cp: cannot stat 'LICENSE': No such file or directory
cp: cannot stat 'MAINTAINERS': No such file or directory
cp: cannot stat 'NEWS': No such file or directory
cp: cannot stat 'README*': No such file or directory
cp: cannot stat 'docs': No such file or directory
cp: cannot stat 'DOCS': No such file or directory
grep: /home/omen/GITHUB/PLASMA_WORLD/AthOS/REPO-AthOS/viddy/viddy.info: No such file or directory

Slackware package maker, version 3.14159265.

Searching for symbolic links:

No symbolic links were found, so we won't make an installation script.
You can make your own later in ./install/doinst.sh and rebuild the
package if you like.

This next step is optional - you can set the directories in your package
to some sane permissions. If any of the directories in your package have
special permissions, then DO NOT reset them here!

Would you like to reset all directory permissions to 755 (drwxr-xr-x) and
directory ownerships to root.root ([y]es, [n]o)? n


Creating Slackware package:  /tmp/viddy/viddy-1.3.0-x86_64-1_rtz.tlz

./
install/
install/doinst.sh
install/slack-desc
usr/
usr/doc/
usr/doc/viddy-1.3.0/
usr/doc/viddy-1.3.0/LICENSE
usr/doc/viddy-1.3.0/slack-required
usr/doc/viddy-1.3.0/viddy.ini
usr/local/
usr/local/bin/
usr/local/bin/viddy
WARNING:  zero length file usr/doc/viddy-1.3.0/slack-required

Slackware package /tmp/viddy/viddy-1.3.0-x86_64-1_rtz.tlz created.

Creating /tmp/viddy/viddy-1.3.0-x86_64-1_rtz.tlz.so.file using /tmp/viddy/viddy-1.3.0-x86_64-1_rtz.tlz
Successfully created /tmp/viddy/viddy-1.3.0-x86_64-1_rtz.tlz.so.file
/tmp/viddy /tmp/viddy
/tmp/viddy
BIN_NAME
README
makepkg-viddy.log
viddy-1.3.0-x86_64-1_rtz.tlz
viddy-1.3.0-x86_64-1_rtz.tlz.md5
viddy-1.3.0-x86_64-1_rtz.tlz.so.file
viddy-1.3.0-x86_64-1_rtz.tlz.txt

+==============================================================================
| Installing new package /tmp/viddy/viddy-1.3.0-x86_64-1_rtz.tlz
+==============================================================================

Verifying package viddy-1.3.0-x86_64-1_rtz.tlz.
Installing package viddy-1.3.0-x86_64-1_rtz.tlz:
PACKAGE DESCRIPTION:
# viddy (Modern watch command)
#
# Modern watch command. Time machine and pager etc.
#
# https://github.com/sachaos/viddy
Executing install script for viddy-1.3.0-x86_64-1_rtz.tlz.
Font directories:
	/usr/share/fonts
/usr/share/fonts: caching, new cache contents: 0 fonts, 11 dirs
/usr/share/fonts/100dpi: caching, new cache contents: 308 fonts, 0 dirs
/usr/share/fonts/75dpi: caching, new cache contents: 308 fonts, 0 dirs
/usr/share/fonts/OTF: caching, new cache contents: 72 fonts, 0 dirs
/usr/share/fonts/Speedo: caching, new cache contents: 0 fonts, 0 dirs
/usr/share/fonts/TTF: caching, new cache contents: 1066 fonts, 0 dirs
/usr/share/fonts/Type1: caching, new cache contents: 64 fonts, 0 dirs
/usr/share/fonts/cyrillic: caching, new cache contents: 0 fonts, 0 dirs
/usr/share/fonts/encodings: caching, new cache contents: 0 fonts, 1 dirs
/usr/share/fonts/encodings/large: caching, new cache contents: 0 fonts, 0 dirs
/usr/share/fonts/kanjistrokeorders: caching, new cache contents: 1 fonts, 0 dirs
/usr/share/fonts/misc: caching, new cache contents: 143 fonts, 0 dirs
/usr/share/fonts/util: caching, new cache contents: 0 fonts, 0 dirs
/var/cache/fontconfig: cleaning cache directory
/root/.cache/fontconfig: not cleaning non-existent cache directory
/root/.fontconfig: not cleaning non-existent cache directory
/usr/bin/fc-cache: succeeded
Package viddy-1.3.0-x86_64-1_rtz.tlz installed.
rm: cannot remove 'viddy-1.3.0.tar.gz': No such file or directory
Build process completed in 0 minutes and 10 seconds.
